<?xml version="1.0" encoding="UTF-8"?>
<testsuite xmlns:xsi="http://www.w3.org/2001/XMLSchema-instance" xsi:noNamespaceSchemaLocation="https://maven.apache.org/surefire/maven-surefire-plugin/xsd/surefire-test-report-3.0.xsd" version="3.0" name="Tests.WeatherShopperTest" time="21.254" tests="3" errors="0" skipped="0" failures="0">
  <properties>
[...]
</properties>
  <testcase name="SelectProductTest" classname="Tests.WeatherShopperTest" time="1.131">
    <system-out><![CDATA[Successfully got text '47 °C' from element with locator 'By.xpath: //span[@id='temperature']'
Successfully clicked on element with locator 'By.xpath: //*[text()='Buy sunscreens']'
sunscreens
]]></system-out>
    <system-err><![CDATA[SLF4J: Failed to load class "org.slf4j.impl.StaticLoggerBinder".
SLF4J: Defaulting to no-operation (NOP) logger implementation
SLF4J: See http://www.slf4j.org/codes.html#StaticLoggerBinder for further details.
Starting ChromeDriver 114.0.5735.90 (386bc09e8f4f2e025eddae123f36f6263096ae49-refs/branch-heads/5735@{#1052}) on port 47386
Only local connections are allowed.
Please see https://chromedriver.chromium.org/security-considerations for suggestions on keeping ChromeDriver safe.
ChromeDriver was started successfully.
Jul 23, 2023 6:58:16 PM org.openqa.selenium.remote.ProtocolHandshake createSession
INFO: Detected dialect: W3C
log4j:WARN No appenders could be found for logger (com.automation.remarks.video.recorder.monte.MonteRecorder).
log4j:WARN Please initialize the log4j system properly.
log4j:WARN See http://logging.apache.org/log4j/1.2/faq.html#noconfig for more info.
]]></system-err>
  </testcase>
  <testcase name="SelectLeastPrice" classname="Tests.WeatherShopperTest" time="1.933">
    <system-out><![CDATA[Successfully clicked on element with locator 'By.cssSelector: .thin-text.nav-link'
Successfully clicked on element with locator 'By.cssSelector: button[type='submit'] span'
]]></system-out>
  </testcase>
  <testcase name="CheckoutTest" classname="Tests.WeatherShopperTest" time="7.569">
    <system-out><![CDATA[Successfully wrote text '737' in element with locator 'By.id: cc-csc'
Successfully clicked on element with locator 'By.className: iconTick'
Successfully got text 'Your payment was successful. You should receive a follow-up call from our sales team.' from element with locator 'By.cssSelector: .text-justify'
]]></system-out>
  </testcase>
</testsuite>