<?xml version="1.0" encoding="UTF-8"?>
<!-- Generated by org.testng.reporters.JUnitXMLReporter -->
<testsuite ignored="0" hostname="Oloruntobis-MBP.fritz.box" failures="0" tests="3" name="Surefire test" time="20.494" errors="0" timestamp="2023-07-23T18:58:33 CEST">
  <testcase classname="Tests.WeatherShopperTest" name="SelectProductTest" time="2.492"/>
  <testcase classname="Tests.WeatherShopperTest" name="SelectLeastPrice" time="1.944"/>
  <testcase classname="Tests.WeatherShopperTest" name="CheckoutTest" time="7.581"/>
</testsuite> <!-- Surefire test -->
